[2025-05-12T16:52:17.233+0000] {manager.py:483} INFO - Processing files using up to 2 processes at a time 
[2025-05-12T16:52:17.236+0000] {manager.py:484} INFO - Process each file at most once every 30 seconds
[2025-05-12T16:52:17.239+0000] {manager.py:485} INFO - Checking for new files in /opt/airflow/dags every 300 seconds
[2025-05-12T16:52:17.249+0000] {manager.py:821} INFO - Searching for files in /opt/airflow/dags
[2025-05-12T16:52:17.281+0000] {manager.py:824} INFO - There are 0 files in /opt/airflow/dags
[2025-05-12T16:57:17.529+0000] {manager.py:821} INFO - Searching for files in /opt/airflow/dags
[2025-05-12T16:57:18.164+0000] {manager.py:824} INFO - There are 0 files in /opt/airflow/dags
[2025-05-13T16:11:49.002+0000] {manager.py:483} INFO - Processing files using up to 2 processes at a time 
[2025-05-13T16:11:49.007+0000] {manager.py:484} INFO - Process each file at most once every 30 seconds
[2025-05-13T16:11:49.009+0000] {manager.py:485} INFO - Checking for new files in /opt/airflow/dags every 300 seconds
[2025-05-13T16:11:49.017+0000] {manager.py:821} INFO - Searching for files in /opt/airflow/dags
[2025-05-13T16:11:49.037+0000] {manager.py:824} INFO - There are 0 files in /opt/airflow/dags
[2025-05-13T16:16:49.659+0000] {manager.py:821} INFO - Searching for files in /opt/airflow/dags
[2025-05-13T16:16:49.681+0000] {manager.py:824} INFO - There are 0 files in /opt/airflow/dags
[2025-05-13T16:21:50.613+0000] {manager.py:821} INFO - Searching for files in /opt/airflow/dags
[2025-05-13T16:21:50.620+0000] {manager.py:824} INFO - There are 0 files in /opt/airflow/dags
[2025-05-13T16:26:50.837+0000] {manager.py:821} INFO - Searching for files in /opt/airflow/dags
[2025-05-13T16:26:50.848+0000] {manager.py:824} INFO - There are 0 files in /opt/airflow/dags
[2025-05-13T16:31:50.871+0000] {manager.py:821} INFO - Searching for files in /opt/airflow/dags
[2025-05-13T16:31:50.879+0000] {manager.py:824} INFO - There are 0 files in /opt/airflow/dags
[2025-05-13T16:36:51.836+0000] {manager.py:821} INFO - Searching for files in /opt/airflow/dags
[2025-05-13T16:36:51.843+0000] {manager.py:824} INFO - There are 0 files in /opt/airflow/dags
[2025-05-13T16:41:51.839+0000] {manager.py:821} INFO - Searching for files in /opt/airflow/dags
[2025-05-13T16:41:51.846+0000] {manager.py:824} INFO - There are 0 files in /opt/airflow/dags
[2025-05-13T16:46:52.251+0000] {manager.py:821} INFO - Searching for files in /opt/airflow/dags
[2025-05-13T16:46:52.259+0000] {manager.py:824} INFO - There are 0 files in /opt/airflow/dags
[2025-05-13T16:51:52.576+0000] {manager.py:821} INFO - Searching for files in /opt/airflow/dags
[2025-05-13T16:51:52.584+0000] {manager.py:824} INFO - There are 0 files in /opt/airflow/dags
[2025-05-13T16:56:52.587+0000] {manager.py:821} INFO - Searching for files in /opt/airflow/dags
[2025-05-13T16:56:52.595+0000] {manager.py:824} INFO - There are 0 files in /opt/airflow/dags
[2025-05-13T17:01:52.600+0000] {manager.py:821} INFO - Searching for files in /opt/airflow/dags
[2025-05-13T17:01:52.608+0000] {manager.py:824} INFO - There are 0 files in /opt/airflow/dags
[2025-05-13T17:06:53.589+0000] {manager.py:821} INFO - Searching for files in /opt/airflow/dags
[2025-05-13T17:06:53.597+0000] {manager.py:824} INFO - There are 0 files in /opt/airflow/dags
[2025-05-13T17:11:53.765+0000] {manager.py:821} INFO - Searching for files in /opt/airflow/dags
[2025-05-13T17:11:53.771+0000] {manager.py:824} INFO - There are 0 files in /opt/airflow/dags
[2025-05-13T17:16:54.073+0000] {manager.py:821} INFO - Searching for files in /opt/airflow/dags
[2025-05-13T17:16:54.078+0000] {manager.py:824} INFO - There are 0 files in /opt/airflow/dags
[2025-05-13T17:21:54.231+0000] {manager.py:821} INFO - Searching for files in /opt/airflow/dags
[2025-05-13T17:21:54.235+0000] {manager.py:824} INFO - There are 0 files in /opt/airflow/dags
[2025-05-14T09:05:22.061+0000] {manager.py:483} INFO - Processing files using up to 2 processes at a time 
[2025-05-14T09:05:22.063+0000] {manager.py:484} INFO - Process each file at most once every 30 seconds
[2025-05-14T09:05:22.065+0000] {manager.py:485} INFO - Checking for new files in /opt/airflow/dags every 300 seconds
[2025-05-14T09:05:22.068+0000] {manager.py:821} INFO - Searching for files in /opt/airflow/dags
[2025-05-14T09:05:22.078+0000] {manager.py:824} INFO - There are 0 files in /opt/airflow/dags
[2025-05-14T09:10:22.901+0000] {manager.py:821} INFO - Searching for files in /opt/airflow/dags
[2025-05-14T09:10:22.913+0000] {manager.py:824} INFO - There are 0 files in /opt/airflow/dags
[2025-05-14T09:15:23.872+0000] {manager.py:821} INFO - Searching for files in /opt/airflow/dags
[2025-05-14T09:15:23.886+0000] {manager.py:824} INFO - There are 0 files in /opt/airflow/dags
[2025-05-14T09:20:24.025+0000] {manager.py:821} INFO - Searching for files in /opt/airflow/dags
[2025-05-14T09:20:24.033+0000] {manager.py:824} INFO - There are 0 files in /opt/airflow/dags
[2025-05-14T09:25:24.144+0000] {manager.py:821} INFO - Searching for files in /opt/airflow/dags
[2025-05-14T09:25:24.152+0000] {manager.py:824} INFO - There are 0 files in /opt/airflow/dags
[2025-05-14T09:30:24.333+0000] {manager.py:821} INFO - Searching for files in /opt/airflow/dags
[2025-05-14T09:30:24.341+0000] {manager.py:824} INFO - There are 0 files in /opt/airflow/dags
[2025-05-14T09:35:24.333+0000] {manager.py:821} INFO - Searching for files in /opt/airflow/dags
[2025-05-14T09:35:24.340+0000] {manager.py:824} INFO - There are 0 files in /opt/airflow/dags
[2025-05-14T09:40:25.238+0000] {manager.py:821} INFO - Searching for files in /opt/airflow/dags
[2025-05-14T09:40:25.245+0000] {manager.py:824} INFO - There are 0 files in /opt/airflow/dags
[2025-05-14T09:45:25.245+0000] {manager.py:821} INFO - Searching for files in /opt/airflow/dags
[2025-05-14T09:45:25.252+0000] {manager.py:824} INFO - There are 0 files in /opt/airflow/dags
[2025-05-14T09:50:25.606+0000] {manager.py:821} INFO - Searching for files in /opt/airflow/dags
[2025-05-14T09:50:25.611+0000] {manager.py:824} INFO - There are 0 files in /opt/airflow/dags
[2025-05-14T09:55:26.124+0000] {manager.py:821} INFO - Searching for files in /opt/airflow/dags
[2025-05-14T09:55:26.136+0000] {manager.py:824} INFO - There are 0 files in /opt/airflow/dags
[2025-05-14T10:00:27.378+0000] {manager.py:821} INFO - Searching for files in /opt/airflow/dags
[2025-05-14T10:00:28.002+0000] {manager.py:824} INFO - There are 0 files in /opt/airflow/dags
[2025-05-14T10:05:27.624+0000] {manager.py:821} INFO - Searching for files in /opt/airflow/dags
[2025-05-14T10:05:27.636+0000] {manager.py:824} INFO - There are 0 files in /opt/airflow/dags
[2025-05-14T10:10:27.776+0000] {manager.py:821} INFO - Searching for files in /opt/airflow/dags
[2025-05-14T10:10:27.784+0000] {manager.py:824} INFO - There are 0 files in /opt/airflow/dags
[2025-05-14T10:15:27.793+0000] {manager.py:821} INFO - Searching for files in /opt/airflow/dags
[2025-05-14T10:15:28.072+0000] {manager.py:824} INFO - There are 0 files in /opt/airflow/dags
[2025-05-14T10:20:28.271+0000] {manager.py:821} INFO - Searching for files in /opt/airflow/dags
[2025-05-14T10:20:28.280+0000] {manager.py:824} INFO - There are 0 files in /opt/airflow/dags
[2025-05-14T13:20:32.919+0000] {manager.py:821} INFO - Searching for files in /opt/airflow/dags
[2025-05-14T13:20:33.084+0000] {manager.py:824} INFO - There are 0 files in /opt/airflow/dags
[2025-05-14T13:36:40.149+0000] {manager.py:821} INFO - Searching for files in /opt/airflow/dags
[2025-05-14T13:36:40.192+0000] {manager.py:824} INFO - There are 0 files in /opt/airflow/dags
[2025-05-14T13:41:40.249+0000] {manager.py:821} INFO - Searching for files in /opt/airflow/dags
[2025-05-14T13:41:40.256+0000] {manager.py:824} INFO - There are 0 files in /opt/airflow/dags
[2025-05-14T13:46:41.091+0000] {manager.py:821} INFO - Searching for files in /opt/airflow/dags
[2025-05-14T13:46:41.099+0000] {manager.py:824} INFO - There are 0 files in /opt/airflow/dags
[2025-05-14T13:51:41.536+0000] {manager.py:821} INFO - Searching for files in /opt/airflow/dags
[2025-05-14T13:51:41.544+0000] {manager.py:824} INFO - There are 0 files in /opt/airflow/dags
[2025-05-14T13:56:41.740+0000] {manager.py:821} INFO - Searching for files in /opt/airflow/dags
[2025-05-14T13:56:41.747+0000] {manager.py:824} INFO - There are 0 files in /opt/airflow/dags
[2025-05-14T14:01:42.083+0000] {manager.py:821} INFO - Searching for files in /opt/airflow/dags
[2025-05-14T14:01:42.089+0000] {manager.py:824} INFO - There are 0 files in /opt/airflow/dags
[2025-05-14T14:06:42.909+0000] {manager.py:821} INFO - Searching for files in /opt/airflow/dags
[2025-05-14T14:06:42.922+0000] {manager.py:824} INFO - There are 0 files in /opt/airflow/dags
[2025-05-14T14:11:43.471+0000] {manager.py:821} INFO - Searching for files in /opt/airflow/dags
[2025-05-14T14:11:43.486+0000] {manager.py:824} INFO - There are 0 files in /opt/airflow/dags
[2025-05-14T14:16:44.278+0000] {manager.py:821} INFO - Searching for files in /opt/airflow/dags
[2025-05-14T14:16:44.284+0000] {manager.py:824} INFO - There are 0 files in /opt/airflow/dags
[2025-05-14T14:21:44.833+0000] {manager.py:821} INFO - Searching for files in /opt/airflow/dags
[2025-05-14T14:21:45.018+0000] {manager.py:824} INFO - There are 0 files in /opt/airflow/dags
[2025-05-14T16:18:41.398+0000] {manager.py:821} INFO - Searching for files in /opt/airflow/dags
[2025-05-14T16:18:41.410+0000] {manager.py:824} INFO - There are 0 files in /opt/airflow/dags
[2025-05-14T16:20:23.516+0000] {manager.py:465} INFO - Exiting gracefully upon receiving signal 15
[2025-05-14T16:31:10.767+0000] {manager.py:483} INFO - Processing files using up to 2 processes at a time 
[2025-05-14T16:31:10.768+0000] {manager.py:484} INFO - Process each file at most once every 30 seconds
[2025-05-14T16:31:10.770+0000] {manager.py:485} INFO - Checking for new files in /opt/airflow/dags every 300 seconds
[2025-05-14T16:31:10.771+0000] {manager.py:821} INFO - Searching for files in /opt/airflow/dags
[2025-05-14T16:31:10.779+0000] {manager.py:824} INFO - There are 0 files in /opt/airflow/dags
[2025-05-14T16:36:10.980+0000] {manager.py:821} INFO - Searching for files in /opt/airflow/dags
[2025-05-14T16:36:10.986+0000] {manager.py:824} INFO - There are 0 files in /opt/airflow/dags
[2025-05-14T16:38:04.637+0000] {manager.py:465} INFO - Exiting gracefully upon receiving signal 15
[2025-05-14T18:30:39.718+0000] {manager.py:483} INFO - Processing files using up to 2 processes at a time 
[2025-05-14T18:30:39.721+0000] {manager.py:484} INFO - Process each file at most once every 30 seconds
[2025-05-14T18:30:39.722+0000] {manager.py:485} INFO - Checking for new files in /opt/airflow/dags every 300 seconds
[2025-05-14T18:30:39.724+0000] {manager.py:821} INFO - Searching for files in /opt/airflow/dags
[2025-05-14T18:30:39.732+0000] {manager.py:824} INFO - There are 0 files in /opt/airflow/dags
[2025-05-14T18:35:40.145+0000] {manager.py:821} INFO - Searching for files in /opt/airflow/dags
[2025-05-14T18:35:40.197+0000] {manager.py:824} INFO - There are 0 files in /opt/airflow/dags
[2025-05-14T18:41:01.754+0000] {manager.py:821} INFO - Searching for files in /opt/airflow/dags
[2025-05-14T18:41:01.780+0000] {manager.py:824} INFO - There are 0 files in /opt/airflow/dags
[2025-05-14T18:46:02.282+0000] {manager.py:821} INFO - Searching for files in /opt/airflow/dags
[2025-05-14T18:46:02.330+0000] {manager.py:824} INFO - There are 0 files in /opt/airflow/dags
[2025-05-14T18:51:03.597+0000] {manager.py:821} INFO - Searching for files in /opt/airflow/dags
[2025-05-14T18:51:03.627+0000] {manager.py:824} INFO - There are 0 files in /opt/airflow/dags
[2025-05-14T18:56:03.733+0000] {manager.py:821} INFO - Searching for files in /opt/airflow/dags
[2025-05-14T18:56:03.826+0000] {manager.py:824} INFO - There are 0 files in /opt/airflow/dags
[2025-05-14T19:01:04.690+0000] {manager.py:821} INFO - Searching for files in /opt/airflow/dags
[2025-05-14T19:01:04.706+0000] {manager.py:824} INFO - There are 0 files in /opt/airflow/dags
[2025-05-14T19:06:05.018+0000] {manager.py:821} INFO - Searching for files in /opt/airflow/dags
[2025-05-14T19:06:05.042+0000] {manager.py:824} INFO - There are 0 files in /opt/airflow/dags
[2025-05-14T19:11:05.224+0000] {manager.py:821} INFO - Searching for files in /opt/airflow/dags
[2025-05-14T19:11:05.256+0000] {manager.py:824} INFO - There are 0 files in /opt/airflow/dags
[2025-05-14T19:16:06.031+0000] {manager.py:821} INFO - Searching for files in /opt/airflow/dags
[2025-05-14T19:16:06.039+0000] {manager.py:824} INFO - There are 0 files in /opt/airflow/dags
[2025-05-14T19:21:06.504+0000] {manager.py:821} INFO - Searching for files in /opt/airflow/dags
[2025-05-14T19:21:06.518+0000] {manager.py:824} INFO - There are 0 files in /opt/airflow/dags
[2025-05-14T19:26:07.940+0000] {manager.py:821} INFO - Searching for files in /opt/airflow/dags
[2025-05-14T19:26:07.946+0000] {manager.py:824} INFO - There are 0 files in /opt/airflow/dags
[2025-05-15T09:03:00.867+0000] {manager.py:483} INFO - Processing files using up to 2 processes at a time 
[2025-05-15T09:03:00.888+0000] {manager.py:484} INFO - Process each file at most once every 30 seconds
[2025-05-15T09:03:00.889+0000] {manager.py:485} INFO - Checking for new files in /opt/airflow/dags every 300 seconds
[2025-05-15T09:03:00.891+0000] {manager.py:821} INFO - Searching for files in /opt/airflow/dags
[2025-05-15T09:03:00.906+0000] {manager.py:824} INFO - There are 0 files in /opt/airflow/dags
[2025-05-15T09:08:01.840+0000] {manager.py:821} INFO - Searching for files in /opt/airflow/dags
[2025-05-15T09:08:01.885+0000] {manager.py:824} INFO - There are 0 files in /opt/airflow/dags
[2025-05-15T10:12:43.796+0000] {manager.py:483} INFO - Processing files using up to 2 processes at a time 
[2025-05-15T10:12:43.799+0000] {manager.py:484} INFO - Process each file at most once every 30 seconds
[2025-05-15T10:12:43.801+0000] {manager.py:485} INFO - Checking for new files in /opt/airflow/dags every 300 seconds
[2025-05-15T10:12:43.803+0000] {manager.py:821} INFO - Searching for files in /opt/airflow/dags
[2025-05-15T10:12:43.832+0000] {manager.py:824} INFO - There are 0 files in /opt/airflow/dags
[2025-05-15T10:18:20.936+0000] {manager.py:483} INFO - Processing files using up to 2 processes at a time 
[2025-05-15T10:18:20.947+0000] {manager.py:484} INFO - Process each file at most once every 30 seconds
[2025-05-15T10:18:20.949+0000] {manager.py:485} INFO - Checking for new files in /opt/airflow/dags every 300 seconds
[2025-05-15T10:18:20.954+0000] {manager.py:821} INFO - Searching for files in /opt/airflow/dags
[2025-05-15T10:18:20.974+0000] {manager.py:824} INFO - There are 0 files in /opt/airflow/dags
[2025-05-15T10:23:21.947+0000] {manager.py:821} INFO - Searching for files in /opt/airflow/dags
[2025-05-15T10:23:22.017+0000] {manager.py:824} INFO - There are 0 files in /opt/airflow/dags
[2025-05-15T10:28:27.777+0000] {manager.py:821} INFO - Searching for files in /opt/airflow/dags
[2025-05-15T10:28:29.288+0000] {manager.py:824} INFO - There are 0 files in /opt/airflow/dags
[2025-05-15T10:38:15.700+0000] {manager.py:821} INFO - Searching for files in /opt/airflow/dags
[2025-05-15T10:39:05.301+0000] {manager.py:824} INFO - There are 0 files in /opt/airflow/dags
[2025-05-15T16:32:33.843+0000] {manager.py:483} INFO - Processing files using up to 2 processes at a time 
[2025-05-15T16:32:33.878+0000] {manager.py:484} INFO - Process each file at most once every 30 seconds
[2025-05-15T16:32:33.880+0000] {manager.py:485} INFO - Checking for new files in /opt/airflow/dags every 300 seconds
[2025-05-15T16:32:33.883+0000] {manager.py:821} INFO - Searching for files in /opt/airflow/dags
[2025-05-15T16:32:33.899+0000] {manager.py:824} INFO - There are 0 files in /opt/airflow/dags
[2025-05-15T16:38:22.213+0000] {manager.py:821} INFO - Searching for files in /opt/airflow/dags
[2025-05-15T16:40:58.381+0000] {manager.py:824} INFO - There are 0 files in /opt/airflow/dags
[2025-05-15T16:43:34.131+0000] {manager.py:821} INFO - Searching for files in /opt/airflow/dags
[2025-05-15T16:43:35.080+0000] {manager.py:824} INFO - There are 0 files in /opt/airflow/dags
[2025-05-15T16:49:23.025+0000] {manager.py:483} INFO - Processing files using up to 2 processes at a time 
[2025-05-15T16:49:23.028+0000] {manager.py:484} INFO - Process each file at most once every 30 seconds
[2025-05-15T16:49:23.030+0000] {manager.py:485} INFO - Checking for new files in /opt/airflow/dags every 300 seconds
[2025-05-15T16:49:23.031+0000] {manager.py:821} INFO - Searching for files in /opt/airflow/dags
[2025-05-15T16:49:23.037+0000] {manager.py:824} INFO - There are 0 files in /opt/airflow/dags
[2025-05-15T17:52:44.444+0000] {manager.py:483} INFO - Processing files using up to 2 processes at a time 
[2025-05-15T17:52:44.448+0000] {manager.py:484} INFO - Process each file at most once every 30 seconds
[2025-05-15T17:52:44.450+0000] {manager.py:485} INFO - Checking for new files in /opt/airflow/dags every 300 seconds
[2025-05-15T17:52:44.452+0000] {manager.py:821} INFO - Searching for files in /opt/airflow/dags
[2025-05-15T17:52:44.462+0000] {manager.py:824} INFO - There are 0 files in /opt/airflow/dags
[2025-05-15T17:57:44.496+0000] {manager.py:821} INFO - Searching for files in /opt/airflow/dags
[2025-05-15T17:57:44.535+0000] {manager.py:824} INFO - There are 0 files in /opt/airflow/dags
[2025-05-15T18:02:44.849+0000] {manager.py:821} INFO - Searching for files in /opt/airflow/dags
[2025-05-15T18:02:44.874+0000] {manager.py:824} INFO - There are 0 files in /opt/airflow/dags
[2025-05-15T18:08:15.424+0000] {manager.py:821} INFO - Searching for files in /opt/airflow/dags
[2025-05-15T18:08:15.436+0000] {manager.py:824} INFO - There are 0 files in /opt/airflow/dags
[2025-05-15T18:14:00.791+0000] {manager.py:821} INFO - Searching for files in /opt/airflow/dags
[2025-05-15T18:14:00.816+0000] {manager.py:824} INFO - There are 0 files in /opt/airflow/dags
[2025-05-15T18:19:49.814+0000] {manager.py:821} INFO - Searching for files in /opt/airflow/dags
[2025-05-15T18:19:50.058+0000] {manager.py:824} INFO - There are 0 files in /opt/airflow/dags
[2025-05-16T16:13:36.426+0000] {manager.py:483} INFO - Processing files using up to 2 processes at a time 
[2025-05-16T16:13:36.428+0000] {manager.py:484} INFO - Process each file at most once every 30 seconds
[2025-05-16T16:13:36.430+0000] {manager.py:485} INFO - Checking for new files in /opt/airflow/dags every 300 seconds
[2025-05-16T16:13:36.431+0000] {manager.py:821} INFO - Searching for files in /opt/airflow/dags
[2025-05-16T16:13:36.437+0000] {manager.py:824} INFO - There are 0 files in /opt/airflow/dags
[2025-05-16T16:18:37.109+0000] {manager.py:821} INFO - Searching for files in /opt/airflow/dags
[2025-05-16T16:18:37.123+0000] {manager.py:824} INFO - There are 0 files in /opt/airflow/dags
[2025-05-16T16:23:37.593+0000] {manager.py:821} INFO - Searching for files in /opt/airflow/dags
[2025-05-16T16:23:37.599+0000] {manager.py:824} INFO - There are 0 files in /opt/airflow/dags
[2025-05-16T16:28:37.874+0000] {manager.py:821} INFO - Searching for files in /opt/airflow/dags
[2025-05-16T16:28:37.879+0000] {manager.py:824} INFO - There are 0 files in /opt/airflow/dags
[2025-05-16T16:33:38.170+0000] {manager.py:821} INFO - Searching for files in /opt/airflow/dags
[2025-05-16T16:33:38.178+0000] {manager.py:824} INFO - There are 0 files in /opt/airflow/dags
[2025-05-16T16:38:38.364+0000] {manager.py:821} INFO - Searching for files in /opt/airflow/dags
[2025-05-16T16:38:38.371+0000] {manager.py:824} INFO - There are 0 files in /opt/airflow/dags
[2025-05-16T16:43:38.625+0000] {manager.py:821} INFO - Searching for files in /opt/airflow/dags
[2025-05-16T16:43:38.630+0000] {manager.py:824} INFO - There are 0 files in /opt/airflow/dags
[2025-05-16T16:48:38.859+0000] {manager.py:821} INFO - Searching for files in /opt/airflow/dags
[2025-05-16T16:48:38.864+0000] {manager.py:824} INFO - There are 0 files in /opt/airflow/dags
[2025-05-16T16:53:39.067+0000] {manager.py:821} INFO - Searching for files in /opt/airflow/dags
[2025-05-16T16:53:39.072+0000] {manager.py:824} INFO - There are 0 files in /opt/airflow/dags
[2025-05-16T16:58:39.809+0000] {manager.py:821} INFO - Searching for files in /opt/airflow/dags
[2025-05-16T16:58:39.824+0000] {manager.py:824} INFO - There are 0 files in /opt/airflow/dags
[2025-05-16T17:03:40.384+0000] {manager.py:821} INFO - Searching for files in /opt/airflow/dags
[2025-05-16T17:03:40.400+0000] {manager.py:824} INFO - There are 0 files in /opt/airflow/dags
[2025-05-16T17:08:40.898+0000] {manager.py:821} INFO - Searching for files in /opt/airflow/dags
[2025-05-16T17:08:40.912+0000] {manager.py:824} INFO - There are 0 files in /opt/airflow/dags
[2025-05-16T17:13:41.765+0000] {manager.py:821} INFO - Searching for files in /opt/airflow/dags
[2025-05-16T17:13:41.772+0000] {manager.py:824} INFO - There are 0 files in /opt/airflow/dags
[2025-05-16T17:18:42.205+0000] {manager.py:821} INFO - Searching for files in /opt/airflow/dags
[2025-05-16T17:18:42.211+0000] {manager.py:824} INFO - There are 0 files in /opt/airflow/dags
[2025-05-16T17:23:42.658+0000] {manager.py:821} INFO - Searching for files in /opt/airflow/dags
[2025-05-16T17:23:42.674+0000] {manager.py:824} INFO - There are 0 files in /opt/airflow/dags
[2025-05-16T17:28:43.152+0000] {manager.py:821} INFO - Searching for files in /opt/airflow/dags
[2025-05-16T17:28:43.167+0000] {manager.py:824} INFO - There are 0 files in /opt/airflow/dags
[2025-05-16T17:33:44.048+0000] {manager.py:821} INFO - Searching for files in /opt/airflow/dags
[2025-05-16T17:33:44.058+0000] {manager.py:824} INFO - There are 0 files in /opt/airflow/dags
[2025-05-16T17:38:44.463+0000] {manager.py:821} INFO - Searching for files in /opt/airflow/dags
[2025-05-16T17:38:44.472+0000] {manager.py:824} INFO - There are 0 files in /opt/airflow/dags
[2025-05-16T17:43:44.843+0000] {manager.py:821} INFO - Searching for files in /opt/airflow/dags
[2025-05-16T17:43:44.851+0000] {manager.py:824} INFO - There are 0 files in /opt/airflow/dags
[2025-05-16T17:48:45.196+0000] {manager.py:821} INFO - Searching for files in /opt/airflow/dags
[2025-05-16T17:48:45.204+0000] {manager.py:824} INFO - There are 0 files in /opt/airflow/dags
[2025-05-16T17:53:45.996+0000] {manager.py:821} INFO - Searching for files in /opt/airflow/dags
[2025-05-16T17:53:46.003+0000] {manager.py:824} INFO - There are 0 files in /opt/airflow/dags
[2025-05-16T17:58:46.650+0000] {manager.py:821} INFO - Searching for files in /opt/airflow/dags
[2025-05-16T17:58:46.656+0000] {manager.py:824} INFO - There are 0 files in /opt/airflow/dags
[2025-05-16T18:03:46.998+0000] {manager.py:821} INFO - Searching for files in /opt/airflow/dags
[2025-05-16T18:03:47.014+0000] {manager.py:824} INFO - There are 0 files in /opt/airflow/dags
[2025-05-16T18:08:47.385+0000] {manager.py:821} INFO - Searching for files in /opt/airflow/dags
[2025-05-16T18:08:47.394+0000] {manager.py:824} INFO - There are 0 files in /opt/airflow/dags
[2025-05-16T18:13:47.771+0000] {manager.py:821} INFO - Searching for files in /opt/airflow/dags
[2025-05-16T18:13:47.779+0000] {manager.py:824} INFO - There are 0 files in /opt/airflow/dags
[2025-05-16T18:18:48.172+0000] {manager.py:821} INFO - Searching for files in /opt/airflow/dags
[2025-05-16T18:18:48.181+0000] {manager.py:824} INFO - There are 0 files in /opt/airflow/dags
[2025-05-16T18:23:49.097+0000] {manager.py:821} INFO - Searching for files in /opt/airflow/dags
[2025-05-16T18:23:49.114+0000] {manager.py:824} INFO - There are 0 files in /opt/airflow/dags
[2025-05-16T18:28:49.512+0000] {manager.py:821} INFO - Searching for files in /opt/airflow/dags
[2025-05-16T18:28:49.518+0000] {manager.py:824} INFO - There are 0 files in /opt/airflow/dags
[2025-05-16T18:33:49.814+0000] {manager.py:821} INFO - Searching for files in /opt/airflow/dags
[2025-05-16T18:33:49.829+0000] {manager.py:824} INFO - There are 0 files in /opt/airflow/dags
[2025-05-16T18:38:50.188+0000] {manager.py:821} INFO - Searching for files in /opt/airflow/dags
[2025-05-16T18:38:50.195+0000] {manager.py:824} INFO - There are 0 files in /opt/airflow/dags
[2025-05-16T18:43:50.860+0000] {manager.py:821} INFO - Searching for files in /opt/airflow/dags
[2025-05-16T18:43:50.867+0000] {manager.py:824} INFO - There are 0 files in /opt/airflow/dags
[2025-05-16T18:48:51.222+0000] {manager.py:821} INFO - Searching for files in /opt/airflow/dags
[2025-05-16T18:48:51.236+0000] {manager.py:824} INFO - There are 0 files in /opt/airflow/dags
